Arguments: 
  /usr/bin/node /usr/share/yarn/bin/yarn.js add --dev live-server

PATH: 
  /home/roeeyn/.local/share/umake/bin:/home/roeeyn/bin:/usr/local/sbin:/usr/local/bin:/usr/sbin:/usr/bin:/sbin:/bin:/usr/games:/usr/local/games:/snap/bin

Yarn version: 
  1.3.2

Node version: 
  6.11.4

Platform: 
  linux x64

npm manifest: 
  {
    "name": "FirstPartialExam",
    "version": "1.0.0",
    "main": "index.js",
    "license": "MIT"
  }

yarn manifest: 
  No manifest

Lockfile: 
  No lockfile

Trace: 
  Error: getaddrinfo ENOTFOUND registry.yarnpkg.com registry.yarnpkg.com:443
      at errnoException (dns.js:28:10)
      at GetAddrInfoReqWrap.onlookup [as oncomplete] (dns.js:76:26)
